-------------------------------------------------------------------------------
Test set: com.qiuhuan.sportplay.SportplayApplicationTests
-------------------------------------------------------------------------------
Tests run: 1, Failures: 0, Errors: 1, Skipped: 0, Time elapsed: 5.408 s <<< FAILURE! - in com.qiuhuan.sportplay.SportplayApplicationTests
contextLoads  Time elapsed: 0.002 s  <<< ERROR!
java.lang.IllegalStateException: Failed to load ApplicationContext
Caused by: org.springframework.beans.factory.UnsatisfiedDependencyException: Error creating bean with name 'menuController': Unsatisfied dependency expressed through field 'menuDao'; nested exception is org.springframework.beans.factory.UnsatisfiedDependencyException: Error creating bean with name 'menuDao' defined in file [C:\Users\88\Desktop\sportplay\target\classes\com\qiuhuan\sportplay\Dao\MenuDao.class]: Unsatisfied dependency expressed through bean property 'sqlSessionFactory'; nested exception is org.springframework.beans.factory.BeanCreationException: Error creating bean with name 'sqlSessionFactory' defined in class path resource [org/mybatis/spring/boot/autoconfigure/MybatisAutoConfiguration.class]: Bean instantiation via factory method failed; nested exception is org.springframework.beans.BeanInstantiationException: Failed to instantiate [org.apache.ibatis.session.SqlSessionFactory]: Factory method 'sqlSessionFactory' threw exception; nested exception is org.springframework.core.NestedIOException: Failed to parse mapping resource: 'file [C:\Users\88\Desktop\sportplay\target\classes\mapper\MenuMapping.xml]'; nested exception is org.apache.ibatis.builder.BuilderException: Error parsing Mapper XML. The XML location is 'file [C:\Users\88\Desktop\sportplay\target\classes\mapper\MenuMapping.xml]'. Cause: org.apache.ibatis.builder.BuilderException: Error resolving class. Cause: org.apache.ibatis.type.TypeException: Could not resolve type alias 'menuMap'.  Cause: java.lang.ClassNotFoundException: Cannot find class: menuMap
Caused by: org.springframework.beans.factory.UnsatisfiedDependencyException: Error creating bean with name 'menuDao' defined in file [C:\Users\88\Desktop\sportplay\target\classes\com\qiuhuan\sportplay\Dao\MenuDao.class]: Unsatisfied dependency expressed through bean property 'sqlSessionFactory'; nested exception is org.springframework.beans.factory.BeanCreationException: Error creating bean with name 'sqlSessionFactory' defined in class path resource [org/mybatis/spring/boot/autoconfigure/MybatisAutoConfiguration.class]: Bean instantiation via factory method failed; nested exception is org.springframework.beans.BeanInstantiationException: Failed to instantiate [org.apache.ibatis.session.SqlSessionFactory]: Factory method 'sqlSessionFactory' threw exception; nested exception is org.springframework.core.NestedIOException: Failed to parse mapping resource: 'file [C:\Users\88\Desktop\sportplay\target\classes\mapper\MenuMapping.xml]'; nested exception is org.apache.ibatis.builder.BuilderException: Error parsing Mapper XML. The XML location is 'file [C:\Users\88\Desktop\sportplay\target\classes\mapper\MenuMapping.xml]'. Cause: org.apache.ibatis.builder.BuilderException: Error resolving class. Cause: org.apache.ibatis.type.TypeException: Could not resolve type alias 'menuMap'.  Cause: java.lang.ClassNotFoundException: Cannot find class: menuMap
Caused by: org.springframework.beans.factory.BeanCreationException: Error creating bean with name 'sqlSessionFactory' defined in class path resource [org/mybatis/spring/boot/autoconfigure/MybatisAutoConfiguration.class]: Bean instantiation via factory method failed; nested exception is org.springframework.beans.BeanInstantiationException: Failed to instantiate [org.apache.ibatis.session.SqlSessionFactory]: Factory method 'sqlSessionFactory' threw exception; nested exception is org.springframework.core.NestedIOException: Failed to parse mapping resource: 'file [C:\Users\88\Desktop\sportplay\target\classes\mapper\MenuMapping.xml]'; nested exception is org.apache.ibatis.builder.BuilderException: Error parsing Mapper XML. The XML location is 'file [C:\Users\88\Desktop\sportplay\target\classes\mapper\MenuMapping.xml]'. Cause: org.apache.ibatis.builder.BuilderException: Error resolving class. Cause: org.apache.ibatis.type.TypeException: Could not resolve type alias 'menuMap'.  Cause: java.lang.ClassNotFoundException: Cannot find class: menuMap
Caused by: org.springframework.beans.BeanInstantiationException: Failed to instantiate [org.apache.ibatis.session.SqlSessionFactory]: Factory method 'sqlSessionFactory' threw exception; nested exception is org.springframework.core.NestedIOException: Failed to parse mapping resource: 'file [C:\Users\88\Desktop\sportplay\target\classes\mapper\MenuMapping.xml]'; nested exception is org.apache.ibatis.builder.BuilderException: Error parsing Mapper XML. The XML location is 'file [C:\Users\88\Desktop\sportplay\target\classes\mapper\MenuMapping.xml]'. Cause: org.apache.ibatis.builder.BuilderException: Error resolving class. Cause: org.apache.ibatis.type.TypeException: Could not resolve type alias 'menuMap'.  Cause: java.lang.ClassNotFoundException: Cannot find class: menuMap
Caused by: org.springframework.core.NestedIOException: Failed to parse mapping resource: 'file [C:\Users\88\Desktop\sportplay\target\classes\mapper\MenuMapping.xml]'; nested exception is org.apache.ibatis.builder.BuilderException: Error parsing Mapper XML. The XML location is 'file [C:\Users\88\Desktop\sportplay\target\classes\mapper\MenuMapping.xml]'. Cause: org.apache.ibatis.builder.BuilderException: Error resolving class. Cause: org.apache.ibatis.type.TypeException: Could not resolve type alias 'menuMap'.  Cause: java.lang.ClassNotFoundException: Cannot find class: menuMap
Caused by: org.apache.ibatis.builder.BuilderException: Error parsing Mapper XML. The XML location is 'file [C:\Users\88\Desktop\sportplay\target\classes\mapper\MenuMapping.xml]'. Cause: org.apache.ibatis.builder.BuilderException: Error resolving class. Cause: org.apache.ibatis.type.TypeException: Could not resolve type alias 'menuMap'.  Cause: java.lang.ClassNotFoundException: Cannot find class: menuMap
Caused by: org.apache.ibatis.builder.BuilderException: Error resolving class. Cause: org.apache.ibatis.type.TypeException: Could not resolve type alias 'menuMap'.  Cause: java.lang.ClassNotFoundException: Cannot find class: menuMap
Caused by: org.apache.ibatis.type.TypeException: Could not resolve type alias 'menuMap'.  Cause: java.lang.ClassNotFoundException: Cannot find class: menuMap
Caused by: java.lang.ClassNotFoundException: Cannot find class: menuMap

